2016/02/20 16:36:59 [error] [exception.CHttpException.404] exception 'CHttpException' with message 'Unable to resolve the request "editor".' in C:\xampp\htdocs\framework\web\CWebApplication.php:286
Stack trace:
#0 C:\xampp\htdocs\framework\web\CWebApplication.php(141): CWebApplication->runController('editor')
#1 C:\xampp\htdocs\framework\base\CApplication.php(185): CWebApplication->processRequest()
#2 C:\xampp\htdocs\mangaverso\index.php(13): CApplication->run()
#3 {main}
REQUEST_URI=/mangaverso/index.php/editor
---
2016/02/20 18:23:24 [error] [php] Use of undefined constant autor_id_0 - assumed 'autor_id_0' (C:\xampp\htdocs\mangaverso\protected\controllers\ObraController.php:81)
Stack trace:
#0 C:\xampp\htdocs\framework\web\filters\CFilterChain.php(133): ObraController->runAction()
#1 C:\xampp\htdocs\framework\web\filters\CFilter.php(40): CFilterChain->run()
#2 C:\xampp\htdocs\framework\web\CController.php(1145): CAccessControlFilter->filter()
#3 C:\xampp\htdocs\framework\web\filters\CInlineFilter.php(58): ObraController->filterAccessControl()
#4 C:\xampp\htdocs\framework\web\filters\CFilterChain.php(130): CInlineFilter->filter()
#5 C:\xampp\htdocs\framework\web\CController.php(291): CFilterChain->run()
#6 C:\xampp\htdocs\framework\web\CController.php(265): ObraController->runActionWithFilters()
#7 C:\xampp\htdocs\framework\web\CWebApplication.php(282): ObraController->run()
#8 C:\xampp\htdocs\framework\web\CWebApplication.php(141): CWebApplication->runController()
#9 C:\xampp\htdocs\framework\base\CApplication.php(185): CWebApplication->processRequest()
#10 C:\xampp\htdocs\mangaverso\index.php(13): CWebApplication->run()
REQUEST_URI=/mangaverso/index.php/obra/create
in C:\xampp\htdocs\mangaverso\protected\controllers\ObraController.php (81)
in C:\xampp\htdocs\mangaverso\index.php (13)
2016/02/20 18:35:05 [error] [php] Trying to get property of non-object (C:\xampp\htdocs\mangaverso\protected\views\obra\_form.php:50)
Stack trace:
#0 C:\xampp\htdocs\framework\web\CController.php(869): ObraController->renderFile()
#1 C:\xampp\htdocs\mangaverso\protected\views\obra\update.php(21): ObraController->renderPartial()
#2 C:\xampp\htdocs\framework\web\CBaseController.php(126): require()
#3 C:\xampp\htdocs\framework\web\CBaseController.php(95): ObraController->renderInternal()
#4 C:\xampp\htdocs\framework\web\CController.php(869): ObraController->renderFile()
#5 C:\xampp\htdocs\framework\web\CController.php(782): ObraController->renderPartial()
#6 C:\xampp\htdocs\mangaverso\protected\controllers\ObraController.php(124): ObraController->render()
#7 unknown(0): ObraController->actionUpdate()
#8 C:\xampp\htdocs\framework\web\actions\CAction.php(109): ReflectionMethod->invokeArgs()
#9 C:\xampp\htdocs\framework\web\actions\CInlineAction.php(47): CInlineAction->runWithParamsInternal()
#10 C:\xampp\htdocs\framework\web\CController.php(308): CInlineAction->runWithParams()
#11 C:\xampp\htdocs\framework\web\filters\CFilterChain.php(133): ObraController->runAction()
#12 C:\xampp\htdocs\framework\web\filters\CFilter.php(40): CFilterChain->run()
#13 C:\xampp\htdocs\framework\web\CController.php(1145): CAccessControlFilter->filter()
#14 C:\xampp\htdocs\framework\web\filters\CInlineFilter.php(58): ObraController->filterAccessControl()
#15 C:\xampp\htdocs\framework\web\filters\CFilterChain.php(130): CInlineFilter->filter()
#16 C:\xampp\htdocs\framework\web\CController.php(291): CFilterChain->run()
#17 C:\xampp\htdocs\framework\web\CController.php(265): ObraController->runActionWithFilters()
#18 C:\xampp\htdocs\framework\web\CWebApplication.php(282): ObraController->run()
#19 C:\xampp\htdocs\framework\web\CWebApplication.php(141): CWebApplication->runController()
#20 C:\xampp\htdocs\framework\base\CApplication.php(185): CWebApplication->processRequest()
#21 C:\xampp\htdocs\mangaverso\index.php(13): CWebApplication->run()
REQUEST_URI=/mangaverso/index.php/obra/update/2
in C:\xampp\htdocs\mangaverso\protected\views\obra\_form.php (50)
in C:\xampp\htdocs\mangaverso\protected\views\obra\update.php (21)
in C:\xampp\htdocs\mangaverso\protected\controllers\ObraController.php (124)
2016/02/20 18:42:10 [error] [system.db.CDbCommand] CDbCommand::execute() failed: SQLSTATE[42000]: Syntax error or access violation: 1064 You have an error in your SQL syntax; check the manual that corresponds to your MariaDB server version for the right syntax to use near '"2""' at line 1. The SQL statement executed was: DELETE FROM `autor_obra` WHERE obra_id = "2"".
in C:\xampp\htdocs\mangaverso\protected\controllers\ObraController.php (112)
in C:\xampp\htdocs\mangaverso\index.php (13)
2016/02/20 18:42:10 [error] [exception.CDbException] exception 'CDbException' with message 'CDbCommand failed to execute the SQL statement: SQLSTATE[42000]: Syntax error or access violation: 1064 You have an error in your SQL syntax; check the manual that corresponds to your MariaDB server version for the right syntax to use near '"2""' at line 1. The SQL statement executed was: DELETE FROM `autor_obra` WHERE obra_id = "2""' in C:\xampp\htdocs\framework\db\CDbCommand.php:358
Stack trace:
#0 C:\xampp\htdocs\framework\db\ar\CActiveRecord.php(1823): CDbCommand->execute()
#1 C:\xampp\htdocs\mangaverso\protected\controllers\ObraController.php(112): CActiveRecord->deleteAll(Array)
#2 [internal function]: ObraController->actionUpdate('2')
#3 C:\xampp\htdocs\framework\web\actions\CAction.php(109): ReflectionMethod->invokeArgs(Object(ObraController), Array)
#4 C:\xampp\htdocs\framework\web\actions\CInlineAction.php(47): CAction->runWithParamsInternal(Object(ObraController), Object(ReflectionMethod), Array)
#5 C:\xampp\htdocs\framework\web\CController.php(308): CInlineAction->runWithParams(Array)
#6 C:\xampp\htdocs\framework\web\filters\CFilterChain.php(133): CController->runAction(Object(CInlineAction))
#7 C:\xampp\htdocs\framework\web\filters\CFilter.php(40): CFilterChain->run()
#8 C:\xampp\htdocs\framework\web\CController.php(1145): CFilter->filter(Object(CFilterChain))
#9 C:\xampp\htdocs\framework\web\filters\CInlineFilter.php(58): CController->filterAccessControl(Object(CFilterChain))
#10 C:\xampp\htdocs\framework\web\filters\CFilterChain.php(130): CInlineFilter->filter(Object(CFilterChain))
#11 C:\xampp\htdocs\framework\web\CController.php(291): CFilterChain->run()
#12 C:\xampp\htdocs\framework\web\CController.php(265): CController->runActionWithFilters(Object(CInlineAction), Array)
#13 C:\xampp\htdocs\framework\web\CWebApplication.php(282): CController->run('update')
#14 C:\xampp\htdocs\framework\web\CWebApplication.php(141): CWebApplication->runController('obra/update')
#15 C:\xampp\htdocs\framework\base\CApplication.php(185): CWebApplication->processRequest()
#16 C:\xampp\htdocs\mangaverso\index.php(13): CApplication->run()
#17 {main}
REQUEST_URI=/mangaverso/index.php/obra/update/2
HTTP_REFERER=http://localhost/mangaverso/index.php/obra/update/2
---
2016/02/20 19:02:29 [error] [php] Undefined offset: 0 (C:\xampp\htdocs\mangaverso\protected\views\obra\_form.php:50)
Stack trace:
#0 C:\xampp\htdocs\framework\web\CController.php(869): ObraController->renderFile()
#1 C:\xampp\htdocs\mangaverso\protected\views\obra\create.php(18): ObraController->renderPartial()
#2 C:\xampp\htdocs\framework\web\CBaseController.php(126): require()
#3 C:\xampp\htdocs\framework\web\CBaseController.php(95): ObraController->renderInternal()
#4 C:\xampp\htdocs\framework\web\CController.php(869): ObraController->renderFile()
#5 C:\xampp\htdocs\framework\web\CController.php(782): ObraController->renderPartial()
#6 C:\xampp\htdocs\mangaverso\protected\controllers\ObraController.php(92): ObraController->render()
#7 C:\xampp\htdocs\framework\web\actions\CInlineAction.php(49): ObraController->actionCreate()
#8 C:\xampp\htdocs\framework\web\CController.php(308): CInlineAction->runWithParams()
#9 C:\xampp\htdocs\framework\web\filters\CFilterChain.php(133): ObraController->runAction()
#10 C:\xampp\htdocs\framework\web\filters\CFilter.php(40): CFilterChain->run()
#11 C:\xampp\htdocs\framework\web\CController.php(1145): CAccessControlFilter->filter()
#12 C:\xampp\htdocs\framework\web\filters\CInlineFilter.php(58): ObraController->filterAccessControl()
#13 C:\xampp\htdocs\framework\web\filters\CFilterChain.php(130): CInlineFilter->filter()
#14 C:\xampp\htdocs\framework\web\CController.php(291): CFilterChain->run()
#15 C:\xampp\htdocs\framework\web\CController.php(265): ObraController->runActionWithFilters()
#16 C:\xampp\htdocs\framework\web\CWebApplication.php(282): ObraController->run()
#17 C:\xampp\htdocs\framework\web\CWebApplication.php(141): CWebApplication->runController()
#18 C:\xampp\htdocs\framework\base\CApplication.php(185): CWebApplication->processRequest()
#19 C:\xampp\htdocs\mangaverso\index.php(13): CWebApplication->run()
REQUEST_URI=/mangaverso/index.php/obra/create
in C:\xampp\htdocs\mangaverso\protected\views\obra\_form.php (50)
in C:\xampp\htdocs\mangaverso\protected\views\obra\create.php (18)
in C:\xampp\htdocs\mangaverso\protected\controllers\ObraController.php (92)
2016/02/20 19:19:49 [error] [php] Undefined index: obra_id (C:\xampp\htdocs\mangaverso\protected\controllers\SagaController.php:142)
Stack trace:
#0 C:\xampp\htdocs\framework\web\filters\CFilterChain.php(133): SagaController->runAction()
#1 C:\xampp\htdocs\framework\web\filters\CFilter.php(40): CFilterChain->run()
#2 C:\xampp\htdocs\framework\web\CController.php(1145): CAccessControlFilter->filter()
#3 C:\xampp\htdocs\framework\web\filters\CInlineFilter.php(58): SagaController->filterAccessControl()
#4 C:\xampp\htdocs\framework\web\filters\CFilterChain.php(130): CInlineFilter->filter()
#5 C:\xampp\htdocs\framework\web\CController.php(291): CFilterChain->run()
#6 C:\xampp\htdocs\framework\web\CController.php(265): SagaController->runActionWithFilters()
#7 C:\xampp\htdocs\framework\web\CWebApplication.php(282): SagaController->run()
#8 C:\xampp\htdocs\framework\web\CWebApplication.php(141): CWebApplication->runController()
#9 C:\xampp\htdocs\framework\base\CApplication.php(185): CWebApplication->processRequest()
#10 C:\xampp\htdocs\mangaverso\index.php(13): CWebApplication->run()
REQUEST_URI=/mangaverso/index.php/saga/admin
in C:\xampp\htdocs\mangaverso\protected\controllers\SagaController.php (142)
in C:\xampp\htdocs\mangaverso\index.php (13)
2016/02/20 19:24:05 [error] [php] Use of undefined constant exemplo - assumed 'exemplo' (C:\xampp\htdocs\mangaverso\protected\views\saga\create.php:13)
Stack trace:
#0 C:\xampp\htdocs\framework\web\CController.php(869): SagaController->renderFile()
#1 C:\xampp\htdocs\framework\web\CController.php(782): SagaController->renderPartial()
#2 C:\xampp\htdocs\mangaverso\protected\controllers\SagaController.php(80): SagaController->render()
#3 unknown(0): SagaController->actionCreate()
#4 C:\xampp\htdocs\framework\web\actions\CAction.php(109): ReflectionMethod->invokeArgs()
#5 C:\xampp\htdocs\framework\web\actions\CInlineAction.php(47): CInlineAction->runWithParamsInternal()
#6 C:\xampp\htdocs\framework\web\CController.php(308): CInlineAction->runWithParams()
#7 C:\xampp\htdocs\framework\web\filters\CFilterChain.php(133): SagaController->runAction()
#8 C:\xampp\htdocs\framework\web\filters\CFilter.php(40): CFilterChain->run()
#9 C:\xampp\htdocs\framework\web\CController.php(1145): CAccessControlFilter->filter()
#10 C:\xampp\htdocs\framework\web\filters\CInlineFilter.php(58): SagaController->filterAccessControl()
#11 C:\xampp\htdocs\framework\web\filters\CFilterChain.php(130): CInlineFilter->filter()
#12 C:\xampp\htdocs\framework\web\CController.php(291): CFilterChain->run()
#13 C:\xampp\htdocs\framework\web\CController.php(265): SagaController->runActionWithFilters()
#14 C:\xampp\htdocs\framework\web\CWebApplication.php(282): SagaController->run()
#15 C:\xampp\htdocs\framework\web\CWebApplication.php(141): CWebApplication->runController()
#16 C:\xampp\htdocs\framework\base\CApplication.php(185): CWebApplication->processRequest()
#17 C:\xampp\htdocs\mangaverso\index.php(13): CWebApplication->run()
REQUEST_URI=/mangaverso/index.php/saga/create?obra_id=2
in C:\xampp\htdocs\mangaverso\protected\views\saga\create.php (13)
in C:\xampp\htdocs\mangaverso\protected\controllers\SagaController.php (80)
in C:\xampp\htdocs\mangaverso\index.php (13)
